2017-10-01T10:59:28.772Z ERROR   HLFConnectionManager    :fabric-client()          [client-utils.js]: sendPeersProposal - Promise is rejected: Error: chaincode error (status: 500, message: TypeError: cannot read property 'getIdentifier' of null)
    at /Users/m.mathias/projects/robin-hood/node_modules/grpc/src/node/src/client.js:554:15 {}$
2017-10-01T10:59:28.773Z ERROR   HLFConnection           :invokeChainCode()        {"message":"Error trying invoke business network. Error: chaincode error (status: 500, message: TypeError: cannot read property 'getIdentifier' of null)","stack":"Error: Error trying invoke business network. Error: chaincode error (status: 500, message: TypeError: cannot read property 'getIdentifier' of null)\n    at _initializeChannel.then.then.then.then.catch (/Users/m.mathias/projects/robin-hood/node_modules/composer-connector-hlfv1/lib/hlfconnection.js:836:34)"}$
2017-10-01T11:01:42.951Z ERROR   HLFConnectionManager    :fabric-client()          [client-utils.js]: sendPeersProposal - Promise is rejected: Error: chaincode error (status: 500, message: TypeError: cannot read property 'getIdentifier' of null)
    at /Users/m.mathias/projects/robin-hood/node_modules/grpc/src/node/src/client.js:554:15 {}$
2017-10-01T11:01:42.952Z ERROR   HLFConnection           :invokeChainCode()        {"message":"Error trying invoke business network. Error: chaincode error (status: 500, message: TypeError: cannot read property 'getIdentifier' of null)","stack":"Error: Error trying invoke business network. Error: chaincode error (status: 500, message: TypeError: cannot read property 'getIdentifier' of null)\n    at _initializeChannel.then.then.then.then.catch (/Users/m.mathias/projects/robin-hood/node_modules/composer-connector-hlfv1/lib/hlfconnection.js:836:34)"}$
2017-10-01T11:01:57.359Z ERROR   HLFConnectionManager    :fabric-client()          [client-utils.js]: sendPeersProposal - Promise is rejected: Error: chaincode error (status: 500, message: TypeError: cannot read property 'getIdentifier' of null)
    at /Users/m.mathias/projects/robin-hood/node_modules/grpc/src/node/src/client.js:554:15 {}$
2017-10-01T11:01:57.359Z ERROR   HLFConnection           :invokeChainCode()        {"message":"Error trying invoke business network. Error: chaincode error (status: 500, message: TypeError: cannot read property 'getIdentifier' of null)","stack":"Error: Error trying invoke business network. Error: chaincode error (status: 500, message: TypeError: cannot read property 'getIdentifier' of null)\n    at _initializeChannel.then.then.then.then.catch (/Users/m.mathias/projects/robin-hood/node_modules/composer-connector-hlfv1/lib/hlfconnection.js:836:34)"}$
2017-10-01T11:04:03.757Z ERROR   HLFConnectionManager    :fabric-client()          [client-utils.js]: sendPeersProposal - Promise is rejected: Error: chaincode error (status: 500, message: TypeError: cannot read property 'getIdentifier' of null)
    at /Users/m.mathias/projects/robin-hood/node_modules/grpc/src/node/src/client.js:554:15 {}$
2017-10-01T11:04:03.758Z ERROR   HLFConnection           :invokeChainCode()        {"message":"Error trying invoke business network. Error: chaincode error (status: 500, message: TypeError: cannot read property 'getIdentifier' of null)","stack":"Error: Error trying invoke business network. Error: chaincode error (status: 500, message: TypeError: cannot read property 'getIdentifier' of null)\n    at _initializeChannel.then.then.then.then.catch (/Users/m.mathias/projects/robin-hood/node_modules/composer-connector-hlfv1/lib/hlfconnection.js:836:34)"}$
2017-10-01T11:14:33.493Z ERROR   HLFConnectionManager    :fabric-client()          [client-utils.js]: sendPeersProposal - Promise is rejected: Error: chaincode error (status: 500, message: TypeError: cannot read property 'getIdentifier' of null)
    at /Users/m.mathias/projects/robin-hood/node_modules/grpc/src/node/src/client.js:554:15 {}$
2017-10-01T11:14:33.493Z ERROR   HLFConnection           :invokeChainCode()        {"message":"Error trying invoke business network. Error: chaincode error (status: 500, message: TypeError: cannot read property 'getIdentifier' of null)","stack":"Error: Error trying invoke business network. Error: chaincode error (status: 500, message: TypeError: cannot read property 'getIdentifier' of null)\n    at _initializeChannel.then.then.then.then.catch (/Users/m.mathias/projects/robin-hood/node_modules/composer-connector-hlfv1/lib/hlfconnection.js:836:34)"}$
2017-10-01T11:22:17.173Z ERROR   HLFConnectionManager    :fabric-client()          [client-utils.js]: sendPeersProposal - Promise is rejected: Error: chaincode error (status: 500, message: ReferenceError: identifier 'getParticipant' undefined)
    at /Users/m.mathias/projects/robin-hood/node_modules/grpc/src/node/src/client.js:554:15 {}$
2017-10-01T11:22:17.174Z ERROR   HLFConnection           :invokeChainCode()        {"message":"Error trying invoke business network. Error: chaincode error (status: 500, message: ReferenceError: identifier 'getParticipant' undefined)","stack":"Error: Error trying invoke business network. Error: chaincode error (status: 500, message: ReferenceError: identifier 'getParticipant' undefined)\n    at _initializeChannel.then.then.then.then.catch (/Users/m.mathias/projects/robin-hood/node_modules/composer-connector-hlfv1/lib/hlfconnection.js:836:34)"}$
2017-10-01T11:23:06.528Z ERROR   HLFConnectionManager    :fabric-client()          [client-utils.js]: sendPeersProposal - Promise is rejected: Error: chaincode error (status: 500, message: TypeError: undefined not callable)
    at /Users/m.mathias/projects/robin-hood/node_modules/grpc/src/node/src/client.js:554:15 {}$
2017-10-01T11:23:06.528Z ERROR   HLFConnection           :invokeChainCode()        {"message":"Error trying invoke business network. Error: chaincode error (status: 500, message: TypeError: undefined not callable)","stack":"Error: Error trying invoke business network. Error: chaincode error (status: 500, message: TypeError: undefined not callable)\n    at _initializeChannel.then.then.then.then.catch (/Users/m.mathias/projects/robin-hood/node_modules/composer-connector-hlfv1/lib/hlfconnection.js:836:34)"}$
2017-10-01T11:23:44.461Z ERROR   HLFConnectionManager    :fabric-client()          [client-utils.js]: sendPeersProposal - Promise is rejected: Error: chaincode error (status: 500, message: TypeError: undefined not callable)
    at /Users/m.mathias/projects/robin-hood/node_modules/grpc/src/node/src/client.js:554:15 {}$
2017-10-01T11:23:44.461Z ERROR   HLFConnection           :invokeChainCode()        {"message":"Error trying invoke business network. Error: chaincode error (status: 500, message: TypeError: undefined not callable)","stack":"Error: Error trying invoke business network. Error: chaincode error (status: 500, message: TypeError: undefined not callable)\n    at _initializeChannel.then.then.then.then.catch (/Users/m.mathias/projects/robin-hood/node_modules/composer-connector-hlfv1/lib/hlfconnection.js:836:34)"}$
2017-10-01T11:23:46.406Z ERROR   HLFConnectionManager    :fabric-client()          [client-utils.js]: sendPeersProposal - Promise is rejected: Error: chaincode error (status: 500, message: TypeError: undefined not callable)
    at /Users/m.mathias/projects/robin-hood/node_modules/grpc/src/node/src/client.js:554:15 {}$
2017-10-01T11:23:46.406Z ERROR   HLFConnection           :invokeChainCode()        {"message":"Error trying invoke business network. Error: chaincode error (status: 500, message: TypeError: undefined not callable)","stack":"Error: Error trying invoke business network. Error: chaincode error (status: 500, message: TypeError: undefined not callable)\n    at _initializeChannel.then.then.then.then.catch (/Users/m.mathias/projects/robin-hood/node_modules/composer-connector-hlfv1/lib/hlfconnection.js:836:34)"}$
2017-10-01T11:23:47.814Z ERROR   HLFConnectionManager    :fabric-client()          [client-utils.js]: sendPeersProposal - Promise is rejected: Error: chaincode error (status: 500, message: TypeError: undefined not callable)
    at /Users/m.mathias/projects/robin-hood/node_modules/grpc/src/node/src/client.js:554:15 {}$
2017-10-01T11:23:47.814Z ERROR   HLFConnection           :invokeChainCode()        {"message":"Error trying invoke business network. Error: chaincode error (status: 500, message: TypeError: undefined not callable)","stack":"Error: Error trying invoke business network. Error: chaincode error (status: 500, message: TypeError: undefined not callable)\n    at _initializeChannel.then.then.then.then.catch (/Users/m.mathias/projects/robin-hood/node_modules/composer-connector-hlfv1/lib/hlfconnection.js:836:34)"}$
2017-10-01T11:24:24.428Z ERROR   HLFConnectionManager    :fabric-client()          [client-utils.js]: sendPeersProposal - Promise is rejected: Error: chaincode error (status: 500, message: TypeError: undefined not callable)
    at /Users/m.mathias/projects/robin-hood/node_modules/grpc/src/node/src/client.js:554:15 {}$
2017-10-01T11:24:24.429Z ERROR   HLFConnection           :invokeChainCode()        {"message":"Error trying invoke business network. Error: chaincode error (status: 500, message: TypeError: undefined not callable)","stack":"Error: Error trying invoke business network. Error: chaincode error (status: 500, message: TypeError: undefined not callable)\n    at _initializeChannel.then.then.then.then.catch (/Users/m.mathias/projects/robin-hood/node_modules/composer-connector-hlfv1/lib/hlfconnection.js:836:34)"}$
